TN:
SF:server/config.js
FNF:0
FNH:0
DA:4,1
DA:5,1
DA:6,1
DA:7,1
LF:4
LH:4
BRDA:10,0,0,1
BRDA:10,0,1,1
BRF:2
BRH:2
end_of_record
TN:
SF:server/controller.js
FN:4,(anonymous_0)
FN:8,(anonymous_1)
FNF:2
FNH:1
FNDA:1,(anonymous_0)
FNDA:0,(anonymous_1)
DA:5,1
DA:9,0
LF:2
LH:1
BRF:0
BRH:0
end_of_record
TN:
SF:server/router.js
FN:7,routes
FN:48,handleError
FN:61,handler
FN:63,(anonymous_3)
FNF:4
FNH:4
FNDA:7,routes
FNDA:2,handleError
FNDA:7,handler
FNDA:2,(anonymous_3)
DA:5,1
DA:8,7
DA:10,7
DA:11,1
DA:15,1
DA:18,6
DA:19,1
DA:21,1
DA:24,5
DA:25,1
DA:27,1
DA:30,4
DA:31,3
DA:33,1
DA:35,1
DA:36,1
DA:41,1
DA:44,1
DA:45,1
DA:49,2
DA:50,1
DA:52,1
DA:53,1
DA:56,1
DA:57,1
DA:58,1
DA:62,7
DA:63,2
LF:28
LH:28
BRDA:10,0,0,1
BRDA:10,0,1,6
BRDA:10,1,0,7
BRDA:10,1,1,6
BRDA:18,2,0,1
BRDA:18,2,1,5
BRDA:18,3,0,6
BRDA:18,3,1,5
BRDA:24,4,0,1
BRDA:24,4,1,4
BRDA:24,5,0,5
BRDA:24,5,1,4
BRDA:30,6,0,3
BRDA:30,6,1,1
BRDA:35,7,0,1
BRDA:35,7,1,0
BRDA:49,8,0,1
BRDA:49,8,1,1
BRF:18
BRH:17
end_of_record
TN:
SF:server/service.js
FN:7,(anonymous_0)
FN:11,(anonymous_1)
FN:23,(anonymous_2)
FNF:3
FNH:0
FNDA:0,(anonymous_0)
FNDA:0,(anonymous_1)
FNDA:0,(anonymous_2)
DA:8,0
DA:12,0
DA:13,0
DA:15,0
DA:17,0
DA:24,0
DA:26,0
LF:7
LH:0
BRF:0
BRH:0
end_of_record
TN:
SF:server/util.js
FNF:0
FNH:0
DA:3,1
LF:1
LH:1
BRF:0
BRH:0
end_of_record
TN:
SF:tests/unit/_util/testUtil.js
FN:5,(anonymous_0)
FN:7,(anonymous_1)
FN:16,(anonymous_2)
FN:18,(anonymous_3)
FN:25,(anonymous_4)
FN:27,(anonymous_5)
FN:41,(anonymous_6)
FNF:7
FNH:4
FNDA:10,(anonymous_0)
FNDA:0,(anonymous_1)
FNDA:7,(anonymous_2)
FNDA:0,(anonymous_3)
FNDA:7,(anonymous_4)
FNDA:0,(anonymous_5)
FNDA:7,(anonymous_6)
DA:6,10
DA:8,0
DA:9,0
DA:11,0
DA:17,7
DA:19,0
DA:20,0
DA:26,7
DA:27,7
DA:28,7
DA:40,7
DA:41,7
LF:12
LH:7
BRF:0
BRH:0
end_of_record
